<?xml version="1.0" encoding="UTF-8" ?>
<testsuite tests="8" failures="0" name="com.sddevops.sonarqube_maven.eclipse.SongCollectionTest" time="0.001" errors="0" skipped="0">
  <properties>
    <property name="jansi.mode" value="strip"/>
    <property name="java.runtime.name" value="Java(TM) SE Runtime Environment"/>
    <property name="java.vm.version" value="11.0.1+13-LTS"/>
    <property name="sun.boot.library.path" value="/Library/Java/JavaVirtualMachines/jdk-11.0.1.jdk/Contents/Home/lib"/>
    <property name="gopherProxySet" value="false"/>
    <property name="maven.multiModuleProjectDirectory" value="/Users/keyongenesis/eclipse-workspace/sddo_pdc1_sonarqube_maven.eclipse"/>
    <property name="java.vm.vendor" value="Oracle Corporation"/>
    <property name="java.vendor.url" value="http://java.oracle.com/"/>
    <property name="guice.disable.misplaced.annotation.check" value="true"/>
    <property name="path.separator" value=":"/>
    <property name="java.vm.name" value="Java HotSpot(TM) 64-Bit Server VM"/>
    <property name="sun.os.patch.level" value="unknown"/>
    <property name="user.country" value="US"/>
    <property name="sun.java.launcher" value="SUN_STANDARD"/>
    <property name="java.vm.specification.name" value="Java Virtual Machine Specification"/>
    <property name="user.dir" value="/Users/keyongenesis/eclipse-workspace/sddo_pdc1_sonarqube_maven.eclipse"/>
    <property name="java.vm.compressedOopsMode" value="Zero based"/>
    <property name="java.runtime.version" value="11.0.1+13-LTS"/>
    <property name="java.awt.graphicsenv" value="sun.awt.CGraphicsEnvironment"/>
    <property name="os.arch" value="x86_64"/>
    <property name="java.io.tmpdir" value="/var/folders/bf/r6ckcbdn4y96sf3j_g1v_8fh0000gn/T/"/>
    <property name="line.separator" value="
"/>
    <property name="java.vm.specification.vendor" value="Oracle Corporation"/>
    <property name="os.name" value="Mac OS X"/>
    <property name="classworlds.conf" value="/Users/keyongenesis/eclipse-workspace/.metadata/.plugins/org.eclipse.m2e.launching/launches/m2conf15126314538163519052.tmp"/>
    <property name="sun.jnu.encoding" value="UTF-8"/>
    <property name="java.library.path" value="/Users/keyongenesis/Library/Java/Extensions:/Library/Java/Extensions:/Network/Library/Java/Extensions:/System/Library/Java/Extensions:/usr/lib/java:."/>
    <property name="jdk.debug" value="release"/>
    <property name="java.class.version" value="55.0"/>
    <property name="java.specification.name" value="Java Platform API Specification"/>
    <property name="sun.management.compiler" value="HotSpot 64-Bit Tiered Compilers"/>
    <property name="os.version" value="10.16"/>
    <property name="user.home" value="/Users/keyongenesis"/>
    <property name="user.timezone" value="Asia/Singapore"/>
    <property name="java.awt.printerjob" value="sun.lwawt.macosx.CPrinterJob"/>
    <property name="file.encoding" value="UTF-8"/>
    <property name="java.specification.version" value="11"/>
    <property name="user.name" value="keyongenesis"/>
    <property name="java.class.path" value="/Users/keyongenesis/.p2/pool/plugins/org.eclipse.m2e.maven.runtime_1.18.3.20220227-1319/jars/plexus-classworlds-2.6.0.jar"/>
    <property name="java.vm.specification.version" value="11"/>
    <property name="sun.arch.data.model" value="64"/>
    <property name="sun.java.command" value="org.codehaus.plexus.classworlds.launcher.Launcher -B test"/>
    <property name="java.home" value="/Library/Java/JavaVirtualMachines/jdk-11.0.1.jdk/Contents/Home"/>
    <property name="user.language" value="en"/>
    <property name="java.specification.vendor" value="Oracle Corporation"/>
    <property name="awt.toolkit" value="sun.lwawt.macosx.LWCToolkit"/>
    <property name="java.vm.info" value="mixed mode"/>
    <property name="java.version" value="11.0.1"/>
    <property name="java.vendor" value="Oracle Corporation"/>
    <property name="maven.home" value="/Users/keyongenesis/eclipse-workspace/sddo_pdc1_sonarqube_maven.eclipse/EMBEDDED"/>
    <property name="file.separator" value="/"/>
    <property name="java.version.date" value="2018-10-16"/>
    <property name="java.vendor.url.bug" value="http://bugreport.java.com/bugreport/"/>
    <property name="sun.io.unicode.encoding" value="UnicodeBig"/>
    <property name="sun.cpu.endian" value="little"/>
    <property name="java.vendor.version" value="18.9"/>
    <property name="sun.cpu.isalist" value=""/>
  </properties>
  <testcase classname="com.sddevops.sonarqube_maven.eclipse.SongCollectionTest" name="com.sddevops.sonarqube_maven.eclipse.SongCollectionTest.testSongCollection" time="0.001"/>
  <testcase classname="com.sddevops.sonarqube_maven.eclipse.SongCollectionTest" name="com.sddevops.sonarqube_maven.eclipse.SongCollectionTest.testSongCollectionInt" time="0"/>
  <testcase classname="com.sddevops.sonarqube_maven.eclipse.SongCollectionTest" name="com.sddevops.sonarqube_maven.eclipse.SongCollectionTest.testGetSongs" time="0"/>
  <testcase classname="com.sddevops.sonarqube_maven.eclipse.SongCollectionTest" name="com.sddevops.sonarqube_maven.eclipse.SongCollectionTest.testAddSong" time="0"/>
  <testcase classname="com.sddevops.sonarqube_maven.eclipse.SongCollectionTest" name="com.sddevops.sonarqube_maven.eclipse.SongCollectionTest.testSortSongsByTitle" time="0"/>
  <testcase classname="com.sddevops.sonarqube_maven.eclipse.SongCollectionTest" name="com.sddevops.sonarqube_maven.eclipse.SongCollectionTest.testSortSongsBySongLength" time="0"/>
  <testcase classname="com.sddevops.sonarqube_maven.eclipse.SongCollectionTest" name="com.sddevops.sonarqube_maven.eclipse.SongCollectionTest.testFindSongsById" time="0"/>
  <testcase classname="com.sddevops.sonarqube_maven.eclipse.SongCollectionTest" name="com.sddevops.sonarqube_maven.eclipse.SongCollectionTest.testFindSongByTitle" time="0"/>
</testsuite>